{"timestamp":"2025-09-12T19:49:58.875715Z","level":"INFO","fields":{"message":"Initilizing"},"target":"ssb"}
{"timestamp":"2025-09-12T19:49:58.875971Z","level":"INFO","fields":{"message":"Found port for web server: 5444"},"target":"ssb"}
{"timestamp":"2025-09-12T19:49:58.876025Z","level":"INFO","fields":{"message":"Starting watcher"},"target":"simple_site_builder::watcher"}
{"timestamp":"2025-09-12T19:49:58.876156Z","level":"INFO","fields":{"message":"Starting web server"},"target":"simple_site_builder::server"}
{"timestamp":"2025-09-12T19:49:58.876488Z","level":"INFO","fields":{"message":"Starting builder"},"target":"simple_site_builder::builder"}
{"timestamp":"2025-09-12T19:49:58.876521Z","level":"INFO","fields":{"message":"Building site"},"target":"simple_site_builder::builder"}
{"timestamp":"2025-09-12T19:49:58.876817Z","level":"INFO","fields":{"message":"Reloading browser for: http://localhost:5444/"},"target":"simple_site_builder::builder"}
{"timestamp":"2025-09-12T19:49:58.876986Z","level":"INFO","fields":{"message":"obtaining pathset","config_pathset":"[WatchedPath { path: \"content\", recursive: true }]"},"target":"watchexec::sources::fs"}
{"timestamp":"2025-09-12T19:49:58.877025Z","level":"ERROR","fields":{"message":"notify watch() error","err":"Error { kind: PathNotFound, paths: [\"content\"] }"},"target":"watchexec::sources::fs"}
{"timestamp":"2025-09-12T19:49:58.877651Z","level":"ERROR","fields":{"message":"runtime error","err":"Native fs watcher error"},"target":"watchexec::watchexec"}
{"timestamp":"2025-09-12T19:51:07.841883Z","level":"INFO","fields":{"message":"Initilizing"},"target":"ssb"}
{"timestamp":"2025-09-12T19:51:07.844329Z","level":"INFO","fields":{"message":"Found port for web server: 5444"},"target":"ssb"}
{"timestamp":"2025-09-12T19:51:07.844378Z","level":"INFO","fields":{"message":"Starting watcher"},"target":"simple_site_builder::watcher"}
{"timestamp":"2025-09-12T19:51:07.844547Z","level":"INFO","fields":{"message":"Starting web server"},"target":"simple_site_builder::server"}
{"timestamp":"2025-09-12T19:51:07.844571Z","level":"INFO","fields":{"message":"Starting builder"},"target":"simple_site_builder::builder"}
{"timestamp":"2025-09-12T19:51:07.845082Z","level":"INFO","fields":{"message":"obtaining pathset","config_pathset":"[WatchedPath { path: \"content\", recursive: true }]"},"target":"watchexec::sources::fs"}
{"timestamp":"2025-09-12T19:51:07.845435Z","level":"INFO","fields":{"message":"Building site"},"target":"simple_site_builder::builder"}
{"timestamp":"2025-09-12T19:51:07.847708Z","level":"INFO","fields":{"message":"Reloading browser for: http://localhost:5444/"},"target":"simple_site_builder::builder"}
{"timestamp":"2025-09-12T20:05:13.013867Z","level":"INFO","fields":{"message":"Building site"},"target":"simple_site_builder::builder"}
{"timestamp":"2025-09-12T20:05:13.016024Z","level":"INFO","fields":{"message":"Reloading browser for: http://localhost:5444/"},"target":"simple_site_builder::builder"}
{"timestamp":"2025-09-12T20:05:35.340228Z","level":"INFO","fields":{"message":"Initilizing"},"target":"ssb"}
{"timestamp":"2025-09-12T20:05:35.340408Z","level":"INFO","fields":{"message":"Found port for web server: 5444"},"target":"ssb"}
{"timestamp":"2025-09-12T20:05:35.340468Z","level":"INFO","fields":{"message":"Starting watcher"},"target":"simple_site_builder::watcher"}
{"timestamp":"2025-09-12T20:05:35.340538Z","level":"INFO","fields":{"message":"Starting builder"},"target":"simple_site_builder::builder"}
{"timestamp":"2025-09-12T20:05:35.340538Z","level":"INFO","fields":{"message":"Starting web server"},"target":"simple_site_builder::server"}
{"timestamp":"2025-09-12T20:05:35.340617Z","level":"INFO","fields":{"message":"Building site"},"target":"simple_site_builder::builder"}
{"timestamp":"2025-09-12T20:05:35.340704Z","level":"INFO","fields":{"message":"obtaining pathset","config_pathset":"[WatchedPath { path: \"content\", recursive: true }]"},"target":"watchexec::sources::fs"}
{"timestamp":"2025-09-12T20:05:35.342744Z","level":"INFO","fields":{"message":"Reloading browser for: http://localhost:5444/"},"target":"simple_site_builder::builder"}
{"timestamp":"2025-09-12T20:05:51.912815Z","level":"INFO","fields":{"message":"Initilizing"},"target":"ssb"}
{"timestamp":"2025-09-12T20:05:51.913031Z","level":"INFO","fields":{"message":"Found port for web server: 5444"},"target":"ssb"}
{"timestamp":"2025-09-12T20:05:51.913094Z","level":"INFO","fields":{"message":"Starting watcher"},"target":"simple_site_builder::watcher"}
{"timestamp":"2025-09-12T20:05:51.913138Z","level":"INFO","fields":{"message":"Starting web server"},"target":"simple_site_builder::server"}
{"timestamp":"2025-09-12T20:05:51.913138Z","level":"INFO","fields":{"message":"Starting builder"},"target":"simple_site_builder::builder"}
{"timestamp":"2025-09-12T20:05:51.913250Z","level":"INFO","fields":{"message":"Building site"},"target":"simple_site_builder::builder"}
{"timestamp":"2025-09-12T20:05:51.913347Z","level":"INFO","fields":{"message":"obtaining pathset","config_pathset":"[WatchedPath { path: \"content\", recursive: true }]"},"target":"watchexec::sources::fs"}
{"timestamp":"2025-09-12T20:05:51.915404Z","level":"INFO","fields":{"message":"Reloading browser for: http://localhost:5444/"},"target":"simple_site_builder::builder"}
{"timestamp":"2025-09-12T20:06:13.326831Z","level":"INFO","fields":{"message":"Building site"},"target":"simple_site_builder::builder"}
{"timestamp":"2025-09-12T20:06:13.334532Z","level":"INFO","fields":{"message":"Reloading browser for: http://localhost:5444/"},"target":"simple_site_builder::builder"}
{"timestamp":"2025-09-12T20:06:18.268625Z","level":"INFO","fields":{"message":"Building site"},"target":"simple_site_builder::builder"}
{"timestamp":"2025-09-12T20:06:18.287375Z","level":"INFO","fields":{"message":"Reloading browser for: http://localhost:5444/"},"target":"simple_site_builder::builder"}
{"timestamp":"2025-09-12T20:06:57.215111Z","level":"INFO","fields":{"message":"Building site"},"target":"simple_site_builder::builder"}
{"timestamp":"2025-09-12T20:06:57.240250Z","level":"INFO","fields":{"message":"Reloading browser for: http://localhost:5444/"},"target":"simple_site_builder::builder"}
{"timestamp":"2025-09-12T20:08:10.154505Z","level":"INFO","fields":{"message":"Building site"},"target":"simple_site_builder::builder"}
{"timestamp":"2025-09-12T20:08:10.170409Z","level":"INFO","fields":{"message":"Reloading browser for: http://localhost:5444/"},"target":"simple_site_builder::builder"}
{"timestamp":"2025-09-12T20:08:37.228131Z","level":"INFO","fields":{"message":"Building site"},"target":"simple_site_builder::builder"}
{"timestamp":"2025-09-12T20:08:37.248276Z","level":"INFO","fields":{"message":"Reloading browser for: http://localhost:5444/"},"target":"simple_site_builder::builder"}
{"timestamp":"2025-09-12T20:09:41.745639Z","level":"INFO","fields":{"message":"Building site"},"target":"simple_site_builder::builder"}
{"timestamp":"2025-09-12T20:09:41.781116Z","level":"INFO","fields":{"message":"Reloading browser for: http://localhost:5444/"},"target":"simple_site_builder::builder"}
{"timestamp":"2025-09-12T20:09:44.058459Z","level":"INFO","fields":{"message":"Building site"},"target":"simple_site_builder::builder"}
{"timestamp":"2025-09-12T20:09:44.082476Z","level":"INFO","fields":{"message":"Reloading browser for: http://localhost:5444/"},"target":"simple_site_builder::builder"}
{"timestamp":"2025-09-12T20:09:53.305145Z","level":"INFO","fields":{"message":"Building site"},"target":"simple_site_builder::builder"}
{"timestamp":"2025-09-12T20:09:53.339682Z","level":"INFO","fields":{"message":"Reloading browser for: http://localhost:5444/"},"target":"simple_site_builder::builder"}
{"timestamp":"2025-09-12T20:10:03.947111Z","level":"INFO","fields":{"message":"Building site"},"target":"simple_site_builder::builder"}
{"timestamp":"2025-09-12T20:10:03.978338Z","level":"INFO","fields":{"message":"Reloading browser for: http://localhost:5444/"},"target":"simple_site_builder::builder"}
{"timestamp":"2025-09-12T20:13:10.598692Z","level":"INFO","fields":{"message":"Building site"},"target":"simple_site_builder::builder"}
{"timestamp":"2025-09-12T20:13:10.716306Z","level":"INFO","fields":{"message":"Reloading browser for: http://localhost:5444/"},"target":"simple_site_builder::builder"}
{"timestamp":"2025-09-12T20:13:17.438008Z","level":"INFO","fields":{"message":"Building site"},"target":"simple_site_builder::builder"}
{"timestamp":"2025-09-12T20:13:17.532022Z","level":"INFO","fields":{"message":"Reloading browser for: http://localhost:5444/"},"target":"simple_site_builder::builder"}
{"timestamp":"2025-09-12T20:13:17.532055Z","level":"INFO","fields":{"message":"Building site"},"target":"simple_site_builder::builder"}
{"timestamp":"2025-09-12T20:13:17.607083Z","level":"INFO","fields":{"message":"Reloading browser for: http://localhost:5444/"},"target":"simple_site_builder::builder"}
{"timestamp":"2025-09-12T20:13:37.901138Z","level":"INFO","fields":{"message":"Building site"},"target":"simple_site_builder::builder"}
{"timestamp":"2025-09-12T20:13:37.996314Z","level":"INFO","fields":{"message":"Reloading browser for: http://localhost:5444/"},"target":"simple_site_builder::builder"}
{"timestamp":"2025-09-12T20:13:43.136080Z","level":"INFO","fields":{"message":"Building site"},"target":"simple_site_builder::builder"}
{"timestamp":"2025-09-12T20:13:43.240530Z","level":"INFO","fields":{"message":"Reloading browser for: http://localhost:5444/"},"target":"simple_site_builder::builder"}
{"timestamp":"2025-09-12T20:14:04.005739Z","level":"INFO","fields":{"message":"Building site"},"target":"simple_site_builder::builder"}
{"timestamp":"2025-09-12T20:14:04.123958Z","level":"INFO","fields":{"message":"Reloading browser for: http://localhost:5444/"},"target":"simple_site_builder::builder"}
{"timestamp":"2025-09-12T20:14:07.835988Z","level":"INFO","fields":{"message":"Building site"},"target":"simple_site_builder::builder"}
{"timestamp":"2025-09-12T20:14:07.951409Z","level":"INFO","fields":{"message":"Reloading browser for: http://localhost:5444/"},"target":"simple_site_builder::builder"}
{"timestamp":"2025-09-12T20:14:10.485245Z","level":"INFO","fields":{"message":"Building site"},"target":"simple_site_builder::builder"}
{"timestamp":"2025-09-12T20:14:10.593966Z","level":"INFO","fields":{"message":"Reloading browser for: http://localhost:5444/"},"target":"simple_site_builder::builder"}
{"timestamp":"2025-09-12T20:14:14.613989Z","level":"INFO","fields":{"message":"Building site"},"target":"simple_site_builder::builder"}
{"timestamp":"2025-09-12T20:14:14.721370Z","level":"INFO","fields":{"message":"Reloading browser for: http://localhost:5444/"},"target":"simple_site_builder::builder"}
{"timestamp":"2025-09-12T20:15:03.808649Z","level":"INFO","fields":{"message":"Building site"},"target":"simple_site_builder::builder"}
{"timestamp":"2025-09-12T20:15:03.919490Z","level":"INFO","fields":{"message":"Reloading browser for: http://localhost:5444/"},"target":"simple_site_builder::builder"}
{"timestamp":"2025-09-12T20:15:10.332643Z","level":"INFO","fields":{"message":"Building site"},"target":"simple_site_builder::builder"}
{"timestamp":"2025-09-12T20:15:10.451782Z","level":"INFO","fields":{"message":"Reloading browser for: http://localhost:5444/"},"target":"simple_site_builder::builder"}
{"timestamp":"2025-09-12T20:15:49.648724Z","level":"INFO","fields":{"message":"Building site"},"target":"simple_site_builder::builder"}
{"timestamp":"2025-09-12T20:15:49.760257Z","level":"INFO","fields":{"message":"Reloading browser for: http://localhost:5444/"},"target":"simple_site_builder::builder"}
{"timestamp":"2025-09-12T20:16:12.702132Z","level":"INFO","fields":{"message":"Building site"},"target":"simple_site_builder::builder"}
{"timestamp":"2025-09-12T20:16:12.798887Z","level":"INFO","fields":{"message":"Reloading browser for: http://localhost:5444/"},"target":"simple_site_builder::builder"}
{"timestamp":"2025-09-12T20:16:24.347733Z","level":"INFO","fields":{"message":"Building site"},"target":"simple_site_builder::builder"}
{"timestamp":"2025-09-12T20:16:24.462071Z","level":"INFO","fields":{"message":"Reloading browser for: http://localhost:5444/"},"target":"simple_site_builder::builder"}
{"timestamp":"2025-09-12T20:16:57.591426Z","level":"INFO","fields":{"message":"Building site"},"target":"simple_site_builder::builder"}
{"timestamp":"2025-09-12T20:16:57.713635Z","level":"INFO","fields":{"message":"Reloading browser for: http://localhost:5444/"},"target":"simple_site_builder::builder"}
{"timestamp":"2025-09-12T20:18:23.008385Z","level":"INFO","fields":{"message":"Building site"},"target":"simple_site_builder::builder"}
{"timestamp":"2025-09-12T20:18:23.130965Z","level":"INFO","fields":{"message":"Reloading browser for: http://localhost:5444/"},"target":"simple_site_builder::builder"}
{"timestamp":"2025-09-12T20:19:02.379953Z","level":"INFO","fields":{"message":"Building site"},"target":"simple_site_builder::builder"}
{"timestamp":"2025-09-12T20:19:02.513111Z","level":"INFO","fields":{"message":"Reloading browser for: http://localhost:5444/"},"target":"simple_site_builder::builder"}
{"timestamp":"2025-09-12T20:41:19.052200Z","level":"INFO","fields":{"message":"Building site"},"target":"simple_site_builder::builder"}
{"timestamp":"2025-09-12T20:41:19.219411Z","level":"INFO","fields":{"message":"Reloading browser for: http://localhost:5444/"},"target":"simple_site_builder::builder"}
{"timestamp":"2025-09-12T20:41:36.073276Z","level":"INFO","fields":{"message":"Building site"},"target":"simple_site_builder::builder"}
{"timestamp":"2025-09-12T20:41:36.176803Z","level":"INFO","fields":{"message":"Reloading browser for: http://localhost:5444/"},"target":"simple_site_builder::builder"}
{"timestamp":"2025-09-12T20:41:52.654294Z","level":"INFO","fields":{"message":"Building site"},"target":"simple_site_builder::builder"}
{"timestamp":"2025-09-12T20:41:52.757263Z","level":"INFO","fields":{"message":"Reloading browser for: http://localhost:5444/"},"target":"simple_site_builder::builder"}
{"timestamp":"2025-09-12T20:41:52.757296Z","level":"INFO","fields":{"message":"Building site"},"target":"simple_site_builder::builder"}
{"timestamp":"2025-09-12T20:41:52.855172Z","level":"INFO","fields":{"message":"Reloading browser for: http://localhost:5444/"},"target":"simple_site_builder::builder"}
{"timestamp":"2025-09-12T20:41:53.368930Z","level":"INFO","fields":{"message":"Building site"},"target":"simple_site_builder::builder"}
{"timestamp":"2025-09-12T20:41:53.473846Z","level":"INFO","fields":{"message":"Reloading browser for: http://localhost:5444/"},"target":"simple_site_builder::builder"}
{"timestamp":"2025-09-12T20:41:53.986831Z","level":"INFO","fields":{"message":"Building site"},"target":"simple_site_builder::builder"}
{"timestamp":"2025-09-12T20:41:54.098394Z","level":"INFO","fields":{"message":"Reloading browser for: http://localhost:5444/"},"target":"simple_site_builder::builder"}
{"timestamp":"2025-09-12T20:42:14.468174Z","level":"INFO","fields":{"message":"Building site"},"target":"simple_site_builder::builder"}
{"timestamp":"2025-09-12T20:42:14.571269Z","level":"INFO","fields":{"message":"Reloading browser for: http://localhost:5444/"},"target":"simple_site_builder::builder"}
{"timestamp":"2025-09-12T20:42:33.795251Z","level":"INFO","fields":{"message":"Building site"},"target":"simple_site_builder::builder"}
{"timestamp":"2025-09-12T20:42:33.929583Z","level":"INFO","fields":{"message":"Reloading browser for: http://localhost:5444/"},"target":"simple_site_builder::builder"}
{"timestamp":"2025-09-12T20:42:52.422563Z","level":"INFO","fields":{"message":"Building site"},"target":"simple_site_builder::builder"}
{"timestamp":"2025-09-12T20:42:52.526724Z","level":"INFO","fields":{"message":"Reloading browser for: http://localhost:5444/"},"target":"simple_site_builder::builder"}
{"timestamp":"2025-09-12T20:43:52.949210Z","level":"INFO","fields":{"message":"Building site"},"target":"simple_site_builder::builder"}
{"timestamp":"2025-09-12T20:43:53.062874Z","level":"INFO","fields":{"message":"Reloading browser for: http://localhost:5444/"},"target":"simple_site_builder::builder"}
{"timestamp":"2025-09-12T20:44:07.021289Z","level":"INFO","fields":{"message":"Building site"},"target":"simple_site_builder::builder"}
{"timestamp":"2025-09-12T20:44:07.133546Z","level":"INFO","fields":{"message":"Reloading browser for: http://localhost:5444/"},"target":"simple_site_builder::builder"}
{"timestamp":"2025-09-12T20:44:14.366477Z","level":"INFO","fields":{"message":"Building site"},"target":"simple_site_builder::builder"}
{"timestamp":"2025-09-12T20:44:14.487516Z","level":"INFO","fields":{"message":"Reloading browser for: http://localhost:5444/"},"target":"simple_site_builder::builder"}
{"timestamp":"2025-09-12T20:44:17.333881Z","level":"INFO","fields":{"message":"Building site"},"target":"simple_site_builder::builder"}
{"timestamp":"2025-09-12T20:44:17.463632Z","level":"INFO","fields":{"message":"Reloading browser for: http://localhost:5444/"},"target":"simple_site_builder::builder"}
{"timestamp":"2025-09-12T20:44:18.515483Z","level":"INFO","fields":{"message":"Building site"},"target":"simple_site_builder::builder"}
{"timestamp":"2025-09-12T20:44:18.638616Z","level":"INFO","fields":{"message":"Reloading browser for: http://localhost:5444/"},"target":"simple_site_builder::builder"}
{"timestamp":"2025-09-12T20:44:26.274390Z","level":"INFO","fields":{"message":"Building site"},"target":"simple_site_builder::builder"}
{"timestamp":"2025-09-12T20:44:26.394073Z","level":"INFO","fields":{"message":"Reloading browser for: http://localhost:5444/"},"target":"simple_site_builder::builder"}
{"timestamp":"2025-09-12T20:44:46.042568Z","level":"INFO","fields":{"message":"Building site"},"target":"simple_site_builder::builder"}
{"timestamp":"2025-09-12T20:44:46.169199Z","level":"INFO","fields":{"message":"Reloading browser for: http://localhost:5444/"},"target":"simple_site_builder::builder"}
{"timestamp":"2025-09-12T20:44:53.942685Z","level":"INFO","fields":{"message":"Building site"},"target":"simple_site_builder::builder"}
{"timestamp":"2025-09-12T20:44:54.066055Z","level":"INFO","fields":{"message":"Reloading browser for: http://localhost:5444/"},"target":"simple_site_builder::builder"}
{"timestamp":"2025-09-12T20:46:25.930880Z","level":"INFO","fields":{"message":"Building site"},"target":"simple_site_builder::builder"}
{"timestamp":"2025-09-12T20:46:26.056925Z","level":"INFO","fields":{"message":"Reloading browser for: http://localhost:5444/"},"target":"simple_site_builder::builder"}
{"timestamp":"2025-09-12T20:46:30.521598Z","level":"INFO","fields":{"message":"Building site"},"target":"simple_site_builder::builder"}
{"timestamp":"2025-09-12T20:46:30.634853Z","level":"INFO","fields":{"message":"Reloading browser for: http://localhost:5444/"},"target":"simple_site_builder::builder"}
{"timestamp":"2025-09-12T20:46:38.365208Z","level":"INFO","fields":{"message":"Building site"},"target":"simple_site_builder::builder"}
{"timestamp":"2025-09-12T20:46:38.487428Z","level":"INFO","fields":{"message":"Reloading browser for: http://localhost:5444/"},"target":"simple_site_builder::builder"}
{"timestamp":"2025-09-12T20:47:06.958782Z","level":"INFO","fields":{"message":"Building site"},"target":"simple_site_builder::builder"}
{"timestamp":"2025-09-12T20:47:07.075212Z","level":"INFO","fields":{"message":"Reloading browser for: http://localhost:5444/"},"target":"simple_site_builder::builder"}
{"timestamp":"2025-09-12T20:48:34.213674Z","level":"INFO","fields":{"message":"Building site"},"target":"simple_site_builder::builder"}
{"timestamp":"2025-09-12T20:48:34.308487Z","level":"INFO","fields":{"message":"Reloading browser for: http://localhost:5444/"},"target":"simple_site_builder::builder"}
{"timestamp":"2025-09-12T20:48:45.798120Z","level":"INFO","fields":{"message":"Building site"},"target":"simple_site_builder::builder"}
{"timestamp":"2025-09-12T20:48:45.902232Z","level":"INFO","fields":{"message":"Reloading browser for: http://localhost:5444/"},"target":"simple_site_builder::builder"}
{"timestamp":"2025-09-12T20:48:54.192876Z","level":"INFO","fields":{"message":"Building site"},"target":"simple_site_builder::builder"}
{"timestamp":"2025-09-12T20:48:54.317494Z","level":"INFO","fields":{"message":"Reloading browser for: http://localhost:5444/"},"target":"simple_site_builder::builder"}
{"timestamp":"2025-09-12T20:49:30.054204Z","level":"INFO","fields":{"message":"Building site"},"target":"simple_site_builder::builder"}
{"timestamp":"2025-09-12T20:49:30.160365Z","level":"INFO","fields":{"message":"Reloading browser for: http://localhost:5444/"},"target":"simple_site_builder::builder"}
{"timestamp":"2025-09-12T20:49:33.601165Z","level":"INFO","fields":{"message":"Building site"},"target":"simple_site_builder::builder"}
{"timestamp":"2025-09-12T20:49:33.711812Z","level":"INFO","fields":{"message":"Reloading browser for: http://localhost:5444/"},"target":"simple_site_builder::builder"}
{"timestamp":"2025-09-12T20:49:37.792013Z","level":"INFO","fields":{"message":"Building site"},"target":"simple_site_builder::builder"}
{"timestamp":"2025-09-12T20:49:37.904145Z","level":"INFO","fields":{"message":"Reloading browser for: http://localhost:5444/"},"target":"simple_site_builder::builder"}
{"timestamp":"2025-09-12T20:49:42.899290Z","level":"INFO","fields":{"message":"Building site"},"target":"simple_site_builder::builder"}
{"timestamp":"2025-09-12T20:49:43.003030Z","level":"INFO","fields":{"message":"Reloading browser for: http://localhost:5444/"},"target":"simple_site_builder::builder"}
{"timestamp":"2025-09-12T20:50:42.350265Z","level":"INFO","fields":{"message":"Building site"},"target":"simple_site_builder::builder"}
{"timestamp":"2025-09-12T20:50:42.466388Z","level":"INFO","fields":{"message":"Reloading browser for: http://localhost:5444/"},"target":"simple_site_builder::builder"}
{"timestamp":"2025-09-12T20:53:24.138268Z","level":"INFO","fields":{"message":"Building site"},"target":"simple_site_builder::builder"}
{"timestamp":"2025-09-12T20:53:24.251611Z","level":"INFO","fields":{"message":"Reloading browser for: http://localhost:5444/"},"target":"simple_site_builder::builder"}
{"timestamp":"2025-09-12T20:53:32.694315Z","level":"INFO","fields":{"message":"Building site"},"target":"simple_site_builder::builder"}
{"timestamp":"2025-09-12T20:53:32.833922Z","level":"INFO","fields":{"message":"Reloading browser for: http://localhost:5444/"},"target":"simple_site_builder::builder"}
{"timestamp":"2025-09-12T20:53:43.601902Z","level":"INFO","fields":{"message":"Building site"},"target":"simple_site_builder::builder"}
{"timestamp":"2025-09-12T20:53:43.704001Z","level":"INFO","fields":{"message":"Reloading browser for: http://localhost:5444/"},"target":"simple_site_builder::builder"}
{"timestamp":"2025-09-12T20:53:47.609514Z","level":"INFO","fields":{"message":"Building site"},"target":"simple_site_builder::builder"}
{"timestamp":"2025-09-12T20:53:47.708050Z","level":"INFO","fields":{"message":"Reloading browser for: http://localhost:5444/"},"target":"simple_site_builder::builder"}
{"timestamp":"2025-09-12T20:58:39.059004Z","level":"INFO","fields":{"message":"Building site"},"target":"simple_site_builder::builder"}
{"timestamp":"2025-09-12T20:58:39.159227Z","level":"INFO","fields":{"message":"Reloading browser for: http://localhost:5444/"},"target":"simple_site_builder::builder"}
{"timestamp":"2025-09-12T20:58:51.142977Z","level":"INFO","fields":{"message":"Building site"},"target":"simple_site_builder::builder"}
{"timestamp":"2025-09-12T20:58:51.250484Z","level":"INFO","fields":{"message":"Reloading browser for: http://localhost:5444/"},"target":"simple_site_builder::builder"}
{"timestamp":"2025-09-12T20:58:54.017656Z","level":"INFO","fields":{"message":"Building site"},"target":"simple_site_builder::builder"}
{"timestamp":"2025-09-12T20:58:54.122462Z","level":"INFO","fields":{"message":"Reloading browser for: http://localhost:5444/"},"target":"simple_site_builder::builder"}
{"timestamp":"2025-09-12T20:59:01.278459Z","level":"INFO","fields":{"message":"Building site"},"target":"simple_site_builder::builder"}
{"timestamp":"2025-09-12T20:59:01.387862Z","level":"INFO","fields":{"message":"Reloading browser for: http://localhost:5444/"},"target":"simple_site_builder::builder"}
{"timestamp":"2025-09-12T20:59:04.545942Z","level":"INFO","fields":{"message":"Building site"},"target":"simple_site_builder::builder"}
{"timestamp":"2025-09-12T20:59:04.643067Z","level":"INFO","fields":{"message":"Reloading browser for: http://localhost:5444/"},"target":"simple_site_builder::builder"}
{"timestamp":"2025-09-12T21:00:19.637736Z","level":"INFO","fields":{"message":"Building site"},"target":"simple_site_builder::builder"}
{"timestamp":"2025-09-12T21:00:19.738392Z","level":"INFO","fields":{"message":"Reloading browser for: http://localhost:5444/"},"target":"simple_site_builder::builder"}
{"timestamp":"2025-09-12T21:03:54.164544Z","level":"INFO","fields":{"message":"Building site"},"target":"simple_site_builder::builder"}
{"timestamp":"2025-09-12T21:03:54.272863Z","level":"INFO","fields":{"message":"Reloading browser for: http://localhost:5444/"},"target":"simple_site_builder::builder"}
{"timestamp":"2025-09-12T21:04:19.237083Z","level":"INFO","fields":{"message":"Building site"},"target":"simple_site_builder::builder"}
{"timestamp":"2025-09-12T21:04:19.354206Z","level":"INFO","fields":{"message":"Reloading browser for: http://localhost:5444/"},"target":"simple_site_builder::builder"}
{"timestamp":"2025-09-12T21:04:49.283152Z","level":"INFO","fields":{"message":"Building site"},"target":"simple_site_builder::builder"}
{"timestamp":"2025-09-12T21:04:49.415586Z","level":"INFO","fields":{"message":"Reloading browser for: http://localhost:5444/"},"target":"simple_site_builder::builder"}
{"timestamp":"2025-09-12T21:05:01.689052Z","level":"INFO","fields":{"message":"Building site"},"target":"simple_site_builder::builder"}
{"timestamp":"2025-09-12T21:05:01.816160Z","level":"INFO","fields":{"message":"Reloading browser for: http://localhost:5444/"},"target":"simple_site_builder::builder"}
{"timestamp":"2025-09-12T21:05:22.845407Z","level":"INFO","fields":{"message":"Building site"},"target":"simple_site_builder::builder"}
{"timestamp":"2025-09-12T21:05:22.944788Z","level":"INFO","fields":{"message":"Reloading browser for: http://localhost:5444/"},"target":"simple_site_builder::builder"}
{"timestamp":"2025-09-12T21:05:25.311159Z","level":"INFO","fields":{"message":"Building site"},"target":"simple_site_builder::builder"}
{"timestamp":"2025-09-12T21:05:25.418592Z","level":"INFO","fields":{"message":"Reloading browser for: http://localhost:5444/"},"target":"simple_site_builder::builder"}
{"timestamp":"2025-09-12T21:05:25.418626Z","level":"INFO","fields":{"message":"Building site"},"target":"simple_site_builder::builder"}
{"timestamp":"2025-09-12T21:05:25.507326Z","level":"INFO","fields":{"message":"Reloading browser for: http://localhost:5444/"},"target":"simple_site_builder::builder"}
{"timestamp":"2025-09-12T21:07:52.626551Z","level":"INFO","fields":{"message":"Building site"},"target":"simple_site_builder::builder"}
{"timestamp":"2025-09-12T21:07:52.714223Z","level":"INFO","fields":{"message":"Reloading browser for: http://localhost:5444/"},"target":"simple_site_builder::builder"}
{"timestamp":"2025-09-12T21:09:11.710473Z","level":"INFO","fields":{"message":"Building site"},"target":"simple_site_builder::builder"}
{"timestamp":"2025-09-12T21:09:11.793092Z","level":"INFO","fields":{"message":"Reloading browser for: http://localhost:5444/"},"target":"simple_site_builder::builder"}
{"timestamp":"2025-09-12T21:09:19.587744Z","level":"INFO","fields":{"message":"Building site"},"target":"simple_site_builder::builder"}
{"timestamp":"2025-09-12T21:09:19.663152Z","level":"INFO","fields":{"message":"Reloading browser for: http://localhost:5444/"},"target":"simple_site_builder::builder"}
{"timestamp":"2025-09-12T21:09:53.717319Z","level":"INFO","fields":{"message":"Building site"},"target":"simple_site_builder::builder"}
{"timestamp":"2025-09-12T21:09:53.799271Z","level":"INFO","fields":{"message":"Reloading browser for: http://localhost:5444/"},"target":"simple_site_builder::builder"}
{"timestamp":"2025-09-12T21:11:44.118632Z","level":"INFO","fields":{"message":"Building site"},"target":"simple_site_builder::builder"}
{"timestamp":"2025-09-12T21:11:44.189143Z","level":"INFO","fields":{"message":"Reloading browser for: http://localhost:5444/"},"target":"simple_site_builder::builder"}
{"timestamp":"2025-09-12T21:11:58.660470Z","level":"INFO","fields":{"message":"Building site"},"target":"simple_site_builder::builder"}
{"timestamp":"2025-09-12T21:11:58.734471Z","level":"INFO","fields":{"message":"Reloading browser for: http://localhost:5444/"},"target":"simple_site_builder::builder"}
{"timestamp":"2025-09-12T21:12:18.419895Z","level":"INFO","fields":{"message":"Building site"},"target":"simple_site_builder::builder"}
{"timestamp":"2025-09-12T21:12:18.502061Z","level":"INFO","fields":{"message":"Reloading browser for: http://localhost:5444/"},"target":"simple_site_builder::builder"}
{"timestamp":"2025-09-12T21:12:25.643807Z","level":"INFO","fields":{"message":"Building site"},"target":"simple_site_builder::builder"}
{"timestamp":"2025-09-12T21:12:25.698583Z","level":"INFO","fields":{"message":"Reloading browser for: http://localhost:5444/"},"target":"simple_site_builder::builder"}
{"timestamp":"2025-09-12T21:14:32.467530Z","level":"INFO","fields":{"message":"Building site"},"target":"simple_site_builder::builder"}
{"timestamp":"2025-09-12T21:14:32.544074Z","level":"INFO","fields":{"message":"Reloading browser for: http://localhost:5444/"},"target":"simple_site_builder::builder"}
{"timestamp":"2025-09-12T21:18:41.901750Z","level":"INFO","fields":{"message":"Building site"},"target":"simple_site_builder::builder"}
{"timestamp":"2025-09-12T21:18:41.967581Z","level":"INFO","fields":{"message":"Reloading browser for: http://localhost:5444/"},"target":"simple_site_builder::builder"}
{"timestamp":"2025-09-12T21:19:03.566961Z","level":"INFO","fields":{"message":"Building site"},"target":"simple_site_builder::builder"}
{"timestamp":"2025-09-12T21:19:03.643839Z","level":"INFO","fields":{"message":"Reloading browser for: http://localhost:5444/"},"target":"simple_site_builder::builder"}
{"timestamp":"2025-09-12T21:20:05.959928Z","level":"INFO","fields":{"message":"Building site"},"target":"simple_site_builder::builder"}
{"timestamp":"2025-09-12T21:20:06.038673Z","level":"INFO","fields":{"message":"Reloading browser for: http://localhost:5444/"},"target":"simple_site_builder::builder"}
{"timestamp":"2025-09-12T21:20:56.731415Z","level":"INFO","fields":{"message":"Building site"},"target":"simple_site_builder::builder"}
{"timestamp":"2025-09-12T21:20:56.790200Z","level":"INFO","fields":{"message":"Reloading browser for: http://localhost:5444/"},"target":"simple_site_builder::builder"}
{"timestamp":"2025-09-12T21:21:39.787067Z","level":"INFO","fields":{"message":"Building site"},"target":"simple_site_builder::builder"}
{"timestamp":"2025-09-12T21:21:39.862685Z","level":"INFO","fields":{"message":"Reloading browser for: http://localhost:5444/"},"target":"simple_site_builder::builder"}
{"timestamp":"2025-09-12T21:25:13.838137Z","level":"INFO","fields":{"message":"Building site"},"target":"simple_site_builder::builder"}
{"timestamp":"2025-09-12T21:25:13.901028Z","level":"INFO","fields":{"message":"Reloading browser for: http://localhost:5444/"},"target":"simple_site_builder::builder"}
{"timestamp":"2025-09-12T21:27:45.218417Z","level":"INFO","fields":{"message":"Building site"},"target":"simple_site_builder::builder"}
{"timestamp":"2025-09-12T21:27:45.285210Z","level":"INFO","fields":{"message":"Reloading browser for: http://localhost:5444/"},"target":"simple_site_builder::builder"}
{"timestamp":"2025-09-12T21:29:55.424730Z","level":"INFO","fields":{"message":"Building site"},"target":"simple_site_builder::builder"}
{"timestamp":"2025-09-12T21:29:55.482303Z","level":"INFO","fields":{"message":"Reloading browser for: http://localhost:5444/"},"target":"simple_site_builder::builder"}
{"timestamp":"2025-09-12T21:33:02.813503Z","level":"INFO","fields":{"message":"Building site"},"target":"simple_site_builder::builder"}
{"timestamp":"2025-09-12T21:33:02.870873Z","level":"INFO","fields":{"message":"Reloading browser for: http://localhost:5444/"},"target":"simple_site_builder::builder"}
{"timestamp":"2025-09-12T21:33:29.066161Z","level":"INFO","fields":{"message":"Building site"},"target":"simple_site_builder::builder"}
{"timestamp":"2025-09-12T21:33:29.136085Z","level":"INFO","fields":{"message":"Reloading browser for: http://localhost:5444/"},"target":"simple_site_builder::builder"}
{"timestamp":"2025-09-12T21:33:53.693404Z","level":"INFO","fields":{"message":"Building site"},"target":"simple_site_builder::builder"}
{"timestamp":"2025-09-12T21:33:53.768265Z","level":"INFO","fields":{"message":"Reloading browser for: http://localhost:5444/"},"target":"simple_site_builder::builder"}
{"timestamp":"2025-09-12T21:34:26.217177Z","level":"INFO","fields":{"message":"Building site"},"target":"simple_site_builder::builder"}
{"timestamp":"2025-09-12T21:34:26.286971Z","level":"INFO","fields":{"message":"Reloading browser for: http://localhost:5444/"},"target":"simple_site_builder::builder"}
{"timestamp":"2025-09-12T21:34:49.287216Z","level":"INFO","fields":{"message":"Building site"},"target":"simple_site_builder::builder"}
{"timestamp":"2025-09-12T21:34:49.359329Z","level":"INFO","fields":{"message":"Reloading browser for: http://localhost:5444/"},"target":"simple_site_builder::builder"}
{"timestamp":"2025-09-12T21:34:53.354734Z","level":"INFO","fields":{"message":"Building site"},"target":"simple_site_builder::builder"}
{"timestamp":"2025-09-12T21:34:53.423525Z","level":"INFO","fields":{"message":"Reloading browser for: http://localhost:5444/"},"target":"simple_site_builder::builder"}
{"timestamp":"2025-09-12T21:37:06.311706Z","level":"INFO","fields":{"message":"Building site"},"target":"simple_site_builder::builder"}
{"timestamp":"2025-09-12T21:37:06.393446Z","level":"INFO","fields":{"message":"Reloading browser for: http://localhost:5444/"},"target":"simple_site_builder::builder"}
{"timestamp":"2025-09-12T21:37:49.346071Z","level":"INFO","fields":{"message":"Building site"},"target":"simple_site_builder::builder"}
{"timestamp":"2025-09-12T21:37:49.435450Z","level":"INFO","fields":{"message":"Reloading browser for: http://localhost:5444/"},"target":"simple_site_builder::builder"}
{"timestamp":"2025-09-12T21:38:49.841085Z","level":"INFO","fields":{"message":"Building site"},"target":"simple_site_builder::builder"}
{"timestamp":"2025-09-12T21:38:49.923206Z","level":"INFO","fields":{"message":"Reloading browser for: http://localhost:5444/"},"target":"simple_site_builder::builder"}
{"timestamp":"2025-09-12T21:39:11.309517Z","level":"INFO","fields":{"message":"Building site"},"target":"simple_site_builder::builder"}
{"timestamp":"2025-09-12T21:39:11.387551Z","level":"INFO","fields":{"message":"Reloading browser for: http://localhost:5444/"},"target":"simple_site_builder::builder"}
{"timestamp":"2025-09-12T21:39:13.110474Z","level":"INFO","fields":{"message":"Building site"},"target":"simple_site_builder::builder"}
{"timestamp":"2025-09-12T21:39:13.199641Z","level":"INFO","fields":{"message":"Reloading browser for: http://localhost:5444/"},"target":"simple_site_builder::builder"}
{"timestamp":"2025-09-12T21:39:19.808323Z","level":"INFO","fields":{"message":"Building site"},"target":"simple_site_builder::builder"}
{"timestamp":"2025-09-12T21:39:19.885417Z","level":"INFO","fields":{"message":"Reloading browser for: http://localhost:5444/"},"target":"simple_site_builder::builder"}
{"timestamp":"2025-09-12T21:39:24.660588Z","level":"INFO","fields":{"message":"Building site"},"target":"simple_site_builder::builder"}
{"timestamp":"2025-09-12T21:39:24.736183Z","level":"INFO","fields":{"message":"Reloading browser for: http://localhost:5444/"},"target":"simple_site_builder::builder"}
{"timestamp":"2025-09-12T21:39:49.024201Z","level":"INFO","fields":{"message":"Building site"},"target":"simple_site_builder::builder"}
{"timestamp":"2025-09-12T21:39:49.096918Z","level":"INFO","fields":{"message":"Reloading browser for: http://localhost:5444/"},"target":"simple_site_builder::builder"}
{"timestamp":"2025-09-12T21:40:45.750400Z","level":"INFO","fields":{"message":"Building site"},"target":"simple_site_builder::builder"}
{"timestamp":"2025-09-12T21:40:45.817262Z","level":"INFO","fields":{"message":"Reloading browser for: http://localhost:5444/"},"target":"simple_site_builder::builder"}
{"timestamp":"2025-09-12T21:40:49.103455Z","level":"INFO","fields":{"message":"Building site"},"target":"simple_site_builder::builder"}
{"timestamp":"2025-09-12T21:40:49.181605Z","level":"INFO","fields":{"message":"Reloading browser for: http://localhost:5444/"},"target":"simple_site_builder::builder"}
{"timestamp":"2025-09-12T21:40:57.868029Z","level":"INFO","fields":{"message":"Building site"},"target":"simple_site_builder::builder"}
{"timestamp":"2025-09-12T21:40:57.950905Z","level":"INFO","fields":{"message":"Reloading browser for: http://localhost:5444/"},"target":"simple_site_builder::builder"}
{"timestamp":"2025-09-12T21:41:27.019306Z","level":"INFO","fields":{"message":"Building site"},"target":"simple_site_builder::builder"}
{"timestamp":"2025-09-12T21:41:27.114479Z","level":"INFO","fields":{"message":"Reloading browser for: http://localhost:5444/"},"target":"simple_site_builder::builder"}
{"timestamp":"2025-09-12T21:41:45.012435Z","level":"INFO","fields":{"message":"Building site"},"target":"simple_site_builder::builder"}
{"timestamp":"2025-09-12T21:41:45.101396Z","level":"INFO","fields":{"message":"Reloading browser for: http://localhost:5444/"},"target":"simple_site_builder::builder"}
{"timestamp":"2025-09-12T21:41:49.212945Z","level":"INFO","fields":{"message":"Building site"},"target":"simple_site_builder::builder"}
{"timestamp":"2025-09-12T21:41:49.281400Z","level":"INFO","fields":{"message":"Reloading browser for: http://localhost:5444/"},"target":"simple_site_builder::builder"}
{"timestamp":"2025-09-12T21:41:56.850361Z","level":"INFO","fields":{"message":"Building site"},"target":"simple_site_builder::builder"}
{"timestamp":"2025-09-12T21:41:56.931998Z","level":"INFO","fields":{"message":"Reloading browser for: http://localhost:5444/"},"target":"simple_site_builder::builder"}
{"timestamp":"2025-09-12T21:42:00.190957Z","level":"INFO","fields":{"message":"Building site"},"target":"simple_site_builder::builder"}
{"timestamp":"2025-09-12T21:42:00.269789Z","level":"INFO","fields":{"message":"Reloading browser for: http://localhost:5444/"},"target":"simple_site_builder::builder"}
{"timestamp":"2025-09-12T21:42:01.548759Z","level":"INFO","fields":{"message":"Building site"},"target":"simple_site_builder::builder"}
{"timestamp":"2025-09-12T21:42:01.629201Z","level":"INFO","fields":{"message":"Reloading browser for: http://localhost:5444/"},"target":"simple_site_builder::builder"}
{"timestamp":"2025-09-12T21:42:02.274224Z","level":"INFO","fields":{"message":"Building site"},"target":"simple_site_builder::builder"}
{"timestamp":"2025-09-12T21:42:02.355348Z","level":"INFO","fields":{"message":"Reloading browser for: http://localhost:5444/"},"target":"simple_site_builder::builder"}
{"timestamp":"2025-09-12T21:42:07.800850Z","level":"INFO","fields":{"message":"Building site"},"target":"simple_site_builder::builder"}
{"timestamp":"2025-09-12T21:42:07.880309Z","level":"INFO","fields":{"message":"Reloading browser for: http://localhost:5444/"},"target":"simple_site_builder::builder"}
{"timestamp":"2025-09-12T21:42:55.905836Z","level":"INFO","fields":{"message":"Building site"},"target":"simple_site_builder::builder"}
{"timestamp":"2025-09-12T21:42:55.993118Z","level":"INFO","fields":{"message":"Reloading browser for: http://localhost:5444/"},"target":"simple_site_builder::builder"}
{"timestamp":"2025-09-12T21:44:26.419429Z","level":"INFO","fields":{"message":"Building site"},"target":"simple_site_builder::builder"}
{"timestamp":"2025-09-12T21:44:26.500786Z","level":"INFO","fields":{"message":"Reloading browser for: http://localhost:5444/"},"target":"simple_site_builder::builder"}
{"timestamp":"2025-09-12T21:45:25.571066Z","level":"INFO","fields":{"message":"Building site"},"target":"simple_site_builder::builder"}
{"timestamp":"2025-09-12T21:45:25.661460Z","level":"INFO","fields":{"message":"Reloading browser for: http://localhost:5444/"},"target":"simple_site_builder::builder"}
{"timestamp":"2025-09-12T21:45:32.964911Z","level":"INFO","fields":{"message":"Building site"},"target":"simple_site_builder::builder"}
{"timestamp":"2025-09-12T21:45:33.043548Z","level":"INFO","fields":{"message":"Reloading browser for: http://localhost:5444/"},"target":"simple_site_builder::builder"}
{"timestamp":"2025-09-12T21:45:50.982862Z","level":"INFO","fields":{"message":"Building site"},"target":"simple_site_builder::builder"}
{"timestamp":"2025-09-12T21:45:51.066298Z","level":"INFO","fields":{"message":"Reloading browser for: http://localhost:5444/"},"target":"simple_site_builder::builder"}
{"timestamp":"2025-09-12T21:46:39.426371Z","level":"INFO","fields":{"message":"Building site"},"target":"simple_site_builder::builder"}
{"timestamp":"2025-09-12T21:46:39.501349Z","level":"INFO","fields":{"message":"Reloading browser for: http://localhost:5444/"},"target":"simple_site_builder::builder"}
{"timestamp":"2025-09-12T21:47:19.201033Z","level":"INFO","fields":{"message":"Building site"},"target":"simple_site_builder::builder"}
{"timestamp":"2025-09-12T21:47:19.275925Z","level":"INFO","fields":{"message":"Reloading browser for: http://localhost:5444/"},"target":"simple_site_builder::builder"}
{"timestamp":"2025-09-12T21:47:29.308726Z","level":"INFO","fields":{"message":"Building site"},"target":"simple_site_builder::builder"}
{"timestamp":"2025-09-12T21:47:29.403749Z","level":"INFO","fields":{"message":"Reloading browser for: http://localhost:5444/"},"target":"simple_site_builder::builder"}
{"timestamp":"2025-09-12T21:47:35.506815Z","level":"INFO","fields":{"message":"Building site"},"target":"simple_site_builder::builder"}
{"timestamp":"2025-09-12T21:47:35.575791Z","level":"INFO","fields":{"message":"Reloading browser for: http://localhost:5444/"},"target":"simple_site_builder::builder"}
{"timestamp":"2025-09-12T21:47:55.901357Z","level":"INFO","fields":{"message":"Building site"},"target":"simple_site_builder::builder"}
{"timestamp":"2025-09-12T21:47:56.000253Z","level":"INFO","fields":{"message":"Reloading browser for: http://localhost:5444/"},"target":"simple_site_builder::builder"}
{"timestamp":"2025-09-12T21:48:02.717648Z","level":"INFO","fields":{"message":"Building site"},"target":"simple_site_builder::builder"}
{"timestamp":"2025-09-12T21:48:02.798638Z","level":"INFO","fields":{"message":"Reloading browser for: http://localhost:5444/"},"target":"simple_site_builder::builder"}
{"timestamp":"2025-09-12T21:48:13.600853Z","level":"INFO","fields":{"message":"Building site"},"target":"simple_site_builder::builder"}
{"timestamp":"2025-09-12T21:48:13.674827Z","level":"INFO","fields":{"message":"Reloading browser for: http://localhost:5444/"},"target":"simple_site_builder::builder"}
{"timestamp":"2025-09-12T21:48:18.861321Z","level":"INFO","fields":{"message":"Building site"},"target":"simple_site_builder::builder"}
{"timestamp":"2025-09-12T21:48:18.932620Z","level":"INFO","fields":{"message":"Reloading browser for: http://localhost:5444/"},"target":"simple_site_builder::builder"}
{"timestamp":"2025-09-12T21:48:31.692586Z","level":"INFO","fields":{"message":"Building site"},"target":"simple_site_builder::builder"}
{"timestamp":"2025-09-12T21:48:31.777546Z","level":"INFO","fields":{"message":"Reloading browser for: http://localhost:5444/"},"target":"simple_site_builder::builder"}
{"timestamp":"2025-09-12T21:48:36.337948Z","level":"INFO","fields":{"message":"Building site"},"target":"simple_site_builder::builder"}
{"timestamp":"2025-09-12T21:48:36.427243Z","level":"INFO","fields":{"message":"Reloading browser for: http://localhost:5444/"},"target":"simple_site_builder::builder"}
