2025-09-12T19:49:58.875804Z|I|src/bin/ssb.rs|26
Initilizing
2025-09-12T19:49:58.875979Z|I|src/bin/ssb.rs|29
Found port for web server: 5444
2025-09-12T19:49:58.876032Z|I|src/watcher/mod.rs|27
Starting watcher
2025-09-12T19:49:58.876177Z|I|src/server/mod.rs|28
Starting web server
2025-09-12T19:49:58.876500Z|I|src/builder/mod.rs|161
Starting builder
2025-09-12T19:49:58.876526Z|I|src/builder/mod.rs|40
Building site
2025-09-12T19:49:58.876825Z|I|src/builder/mod.rs|45
Reloading browser for: http://localhost:5444/
2025-09-12T19:49:58.877007Z|I|/Users/alan/.cargo/registry/src/index.crates.io-1949cf8c6b5b557f/watchexec-8.0.1/src/sources/fs.rs|159
obtaining pathset [3mconfig_pathset[0m[2m=[0m[WatchedPath { path: "content", recursive: true }]
2025-09-12T19:49:58.877039Z|E|/Users/alan/.cargo/registry/src/index.crates.io-1949cf8c6b5b557f/watchexec-8.0.1/src/sources/fs.rs|212
notify watch() error [3merr[0m[2m=[0mError { kind: PathNotFound, paths: ["content"] }
2025-09-12T19:49:58.877667Z|E|/Users/alan/.cargo/registry/src/index.crates.io-1949cf8c6b5b557f/watchexec-8.0.1/src/watchexec.rs|243
runtime error [3merr[0m[2m=[0mNative fs watcher error
2025-09-12T19:51:07.844071Z|I|src/bin/ssb.rs|26
Initilizing
2025-09-12T19:51:07.844347Z|I|src/bin/ssb.rs|29
Found port for web server: 5444
2025-09-12T19:51:07.844385Z|I|src/watcher/mod.rs|27
Starting watcher
2025-09-12T19:51:07.844665Z|I|src/server/mod.rs|28
Starting web server
2025-09-12T19:51:07.845108Z|I|/Users/alan/.cargo/registry/src/index.crates.io-1949cf8c6b5b557f/watchexec-8.0.1/src/sources/fs.rs|159
obtaining pathset [3mconfig_pathset[0m[2m=[0m[WatchedPath { path: "content", recursive: true }]
2025-09-12T19:51:07.845418Z|I|src/builder/mod.rs|161
Starting builder
2025-09-12T19:51:07.845442Z|I|src/builder/mod.rs|40
Building site
2025-09-12T19:51:07.847719Z|I|src/builder/mod.rs|45
Reloading browser for: http://localhost:5444/
2025-09-12T20:05:13.013908Z|I|src/builder/mod.rs|40
Building site
2025-09-12T20:05:13.016034Z|I|src/builder/mod.rs|45
Reloading browser for: http://localhost:5444/
2025-09-12T20:05:35.340307Z|I|src/bin/ssb.rs|26
Initilizing
2025-09-12T20:05:35.340416Z|I|src/bin/ssb.rs|29
Found port for web server: 5444
2025-09-12T20:05:35.340475Z|I|src/watcher/mod.rs|27
Starting watcher
2025-09-12T20:05:35.340589Z|I|src/builder/mod.rs|161
Starting builder
2025-09-12T20:05:35.340616Z|I|src/server/mod.rs|28
Starting web server
2025-09-12T20:05:35.340625Z|I|src/builder/mod.rs|40
Building site
2025-09-12T20:05:35.340742Z|I|/Users/alan/.cargo/registry/src/index.crates.io-1949cf8c6b5b557f/watchexec-8.0.1/src/sources/fs.rs|159
obtaining pathset [3mconfig_pathset[0m[2m=[0m[WatchedPath { path: "content", recursive: true }]
2025-09-12T20:05:35.342757Z|I|src/builder/mod.rs|45
Reloading browser for: http://localhost:5444/
2025-09-12T20:05:51.912897Z|I|src/bin/ssb.rs|26
Initilizing
2025-09-12T20:05:51.913043Z|I|src/bin/ssb.rs|29
Found port for web server: 5444
2025-09-12T20:05:51.913106Z|I|src/watcher/mod.rs|27
Starting watcher
2025-09-12T20:05:51.913189Z|I|src/server/mod.rs|28
Starting web server
2025-09-12T20:05:51.913195Z|I|src/builder/mod.rs|161
Starting builder
2025-09-12T20:05:51.913259Z|I|src/builder/mod.rs|40
Building site
2025-09-12T20:05:51.913383Z|I|/Users/alan/.cargo/registry/src/index.crates.io-1949cf8c6b5b557f/watchexec-8.0.1/src/sources/fs.rs|159
obtaining pathset [3mconfig_pathset[0m[2m=[0m[WatchedPath { path: "content", recursive: true }]
2025-09-12T20:05:51.915415Z|I|src/builder/mod.rs|45
Reloading browser for: http://localhost:5444/
2025-09-12T20:06:13.326895Z|I|src/builder/mod.rs|40
Building site
2025-09-12T20:06:13.334563Z|I|src/builder/mod.rs|45
Reloading browser for: http://localhost:5444/
2025-09-12T20:06:18.268661Z|I|src/builder/mod.rs|40
Building site
2025-09-12T20:06:18.287413Z|I|src/builder/mod.rs|45
Reloading browser for: http://localhost:5444/
2025-09-12T20:06:57.215157Z|I|src/builder/mod.rs|40
Building site
2025-09-12T20:06:57.240300Z|I|src/builder/mod.rs|45
Reloading browser for: http://localhost:5444/
2025-09-12T20:08:10.154533Z|I|src/builder/mod.rs|40
Building site
2025-09-12T20:08:10.170431Z|I|src/builder/mod.rs|45
Reloading browser for: http://localhost:5444/
2025-09-12T20:08:37.228163Z|I|src/builder/mod.rs|40
Building site
2025-09-12T20:08:37.248299Z|I|src/builder/mod.rs|45
Reloading browser for: http://localhost:5444/
2025-09-12T20:09:41.745708Z|I|src/builder/mod.rs|40
Building site
2025-09-12T20:09:41.781168Z|I|src/builder/mod.rs|45
Reloading browser for: http://localhost:5444/
2025-09-12T20:09:44.058476Z|I|src/builder/mod.rs|40
Building site
2025-09-12T20:09:44.082497Z|I|src/builder/mod.rs|45
Reloading browser for: http://localhost:5444/
2025-09-12T20:09:53.305161Z|I|src/builder/mod.rs|40
Building site
2025-09-12T20:09:53.339747Z|I|src/builder/mod.rs|45
Reloading browser for: http://localhost:5444/
2025-09-12T20:10:03.947146Z|I|src/builder/mod.rs|40
Building site
2025-09-12T20:10:03.978379Z|I|src/builder/mod.rs|45
Reloading browser for: http://localhost:5444/
2025-09-12T20:13:10.598757Z|I|src/builder/mod.rs|40
Building site
2025-09-12T20:13:10.716358Z|I|src/builder/mod.rs|45
Reloading browser for: http://localhost:5444/
2025-09-12T20:13:17.438026Z|I|src/builder/mod.rs|40
Building site
2025-09-12T20:13:17.532043Z|I|src/builder/mod.rs|45
Reloading browser for: http://localhost:5444/
2025-09-12T20:13:17.532057Z|I|src/builder/mod.rs|40
Building site
2025-09-12T20:13:17.607106Z|I|src/builder/mod.rs|45
Reloading browser for: http://localhost:5444/
2025-09-12T20:13:37.901206Z|I|src/builder/mod.rs|40
Building site
2025-09-12T20:13:37.996338Z|I|src/builder/mod.rs|45
Reloading browser for: http://localhost:5444/
2025-09-12T20:13:43.136118Z|I|src/builder/mod.rs|40
Building site
2025-09-12T20:13:43.240565Z|I|src/builder/mod.rs|45
Reloading browser for: http://localhost:5444/
2025-09-12T20:14:04.005777Z|I|src/builder/mod.rs|40
Building site
2025-09-12T20:14:04.123984Z|I|src/builder/mod.rs|45
Reloading browser for: http://localhost:5444/
2025-09-12T20:14:07.836022Z|I|src/builder/mod.rs|40
Building site
2025-09-12T20:14:07.951434Z|I|src/builder/mod.rs|45
Reloading browser for: http://localhost:5444/
2025-09-12T20:14:10.485275Z|I|src/builder/mod.rs|40
Building site
2025-09-12T20:14:10.593988Z|I|src/builder/mod.rs|45
Reloading browser for: http://localhost:5444/
2025-09-12T20:14:14.614022Z|I|src/builder/mod.rs|40
Building site
2025-09-12T20:14:14.721394Z|I|src/builder/mod.rs|45
Reloading browser for: http://localhost:5444/
2025-09-12T20:15:03.808683Z|I|src/builder/mod.rs|40
Building site
2025-09-12T20:15:03.919513Z|I|src/builder/mod.rs|45
Reloading browser for: http://localhost:5444/
2025-09-12T20:15:10.332674Z|I|src/builder/mod.rs|40
Building site
2025-09-12T20:15:10.451846Z|I|src/builder/mod.rs|45
Reloading browser for: http://localhost:5444/
2025-09-12T20:15:49.648753Z|I|src/builder/mod.rs|40
Building site
2025-09-12T20:15:49.760283Z|I|src/builder/mod.rs|45
Reloading browser for: http://localhost:5444/
2025-09-12T20:16:12.702175Z|I|src/builder/mod.rs|40
Building site
2025-09-12T20:16:12.798910Z|I|src/builder/mod.rs|45
Reloading browser for: http://localhost:5444/
2025-09-12T20:16:24.347801Z|I|src/builder/mod.rs|40
Building site
2025-09-12T20:16:24.462093Z|I|src/builder/mod.rs|45
Reloading browser for: http://localhost:5444/
2025-09-12T20:16:57.591457Z|I|src/builder/mod.rs|40
Building site
2025-09-12T20:16:57.713656Z|I|src/builder/mod.rs|45
Reloading browser for: http://localhost:5444/
2025-09-12T20:18:23.008402Z|I|src/builder/mod.rs|40
Building site
2025-09-12T20:18:23.130986Z|I|src/builder/mod.rs|45
Reloading browser for: http://localhost:5444/
2025-09-12T20:19:02.379970Z|I|src/builder/mod.rs|40
Building site
2025-09-12T20:19:02.513135Z|I|src/builder/mod.rs|45
Reloading browser for: http://localhost:5444/
2025-09-12T20:41:19.052254Z|I|src/builder/mod.rs|40
Building site
2025-09-12T20:41:19.219433Z|I|src/builder/mod.rs|45
Reloading browser for: http://localhost:5444/
2025-09-12T20:41:36.073298Z|I|src/builder/mod.rs|40
Building site
2025-09-12T20:41:36.176825Z|I|src/builder/mod.rs|45
Reloading browser for: http://localhost:5444/
2025-09-12T20:41:52.654309Z|I|src/builder/mod.rs|40
Building site
2025-09-12T20:41:52.757283Z|I|src/builder/mod.rs|45
Reloading browser for: http://localhost:5444/
2025-09-12T20:41:52.757299Z|I|src/builder/mod.rs|40
Building site
2025-09-12T20:41:52.855193Z|I|src/builder/mod.rs|45
Reloading browser for: http://localhost:5444/
2025-09-12T20:41:53.368944Z|I|src/builder/mod.rs|40
Building site
2025-09-12T20:41:53.473870Z|I|src/builder/mod.rs|45
Reloading browser for: http://localhost:5444/
2025-09-12T20:41:53.986849Z|I|src/builder/mod.rs|40
Building site
2025-09-12T20:41:54.098416Z|I|src/builder/mod.rs|45
Reloading browser for: http://localhost:5444/
2025-09-12T20:42:14.468210Z|I|src/builder/mod.rs|40
Building site
2025-09-12T20:42:14.571310Z|I|src/builder/mod.rs|45
Reloading browser for: http://localhost:5444/
2025-09-12T20:42:33.795286Z|I|src/builder/mod.rs|40
Building site
2025-09-12T20:42:33.929607Z|I|src/builder/mod.rs|45
Reloading browser for: http://localhost:5444/
2025-09-12T20:42:52.422594Z|I|src/builder/mod.rs|40
Building site
2025-09-12T20:42:52.526745Z|I|src/builder/mod.rs|45
Reloading browser for: http://localhost:5444/
2025-09-12T20:43:52.949244Z|I|src/builder/mod.rs|40
Building site
2025-09-12T20:43:53.062896Z|I|src/builder/mod.rs|45
Reloading browser for: http://localhost:5444/
2025-09-12T20:44:07.021341Z|I|src/builder/mod.rs|40
Building site
2025-09-12T20:44:07.133567Z|I|src/builder/mod.rs|45
Reloading browser for: http://localhost:5444/
2025-09-12T20:44:14.366509Z|I|src/builder/mod.rs|40
Building site
2025-09-12T20:44:14.487539Z|I|src/builder/mod.rs|45
Reloading browser for: http://localhost:5444/
2025-09-12T20:44:17.333924Z|I|src/builder/mod.rs|40
Building site
2025-09-12T20:44:17.463652Z|I|src/builder/mod.rs|45
Reloading browser for: http://localhost:5444/
2025-09-12T20:44:18.516183Z|I|src/builder/mod.rs|40
Building site
2025-09-12T20:44:18.638636Z|I|src/builder/mod.rs|45
Reloading browser for: http://localhost:5444/
2025-09-12T20:44:26.274446Z|I|src/builder/mod.rs|40
Building site
2025-09-12T20:44:26.394095Z|I|src/builder/mod.rs|45
Reloading browser for: http://localhost:5444/
2025-09-12T20:44:46.042598Z|I|src/builder/mod.rs|40
Building site
2025-09-12T20:44:46.169224Z|I|src/builder/mod.rs|45
Reloading browser for: http://localhost:5444/
2025-09-12T20:44:53.942721Z|I|src/builder/mod.rs|40
Building site
2025-09-12T20:44:54.066077Z|I|src/builder/mod.rs|45
Reloading browser for: http://localhost:5444/
2025-09-12T20:46:25.930949Z|I|src/builder/mod.rs|40
Building site
2025-09-12T20:46:26.056952Z|I|src/builder/mod.rs|45
Reloading browser for: http://localhost:5444/
2025-09-12T20:46:30.521640Z|I|src/builder/mod.rs|40
Building site
2025-09-12T20:46:30.634874Z|I|src/builder/mod.rs|45
Reloading browser for: http://localhost:5444/
2025-09-12T20:46:38.365258Z|I|src/builder/mod.rs|40
Building site
2025-09-12T20:46:38.487449Z|I|src/builder/mod.rs|45
Reloading browser for: http://localhost:5444/
2025-09-12T20:47:06.958814Z|I|src/builder/mod.rs|40
Building site
2025-09-12T20:47:07.075235Z|I|src/builder/mod.rs|45
Reloading browser for: http://localhost:5444/
2025-09-12T20:48:34.213689Z|I|src/builder/mod.rs|40
Building site
2025-09-12T20:48:34.308526Z|I|src/builder/mod.rs|45
Reloading browser for: http://localhost:5444/
2025-09-12T20:48:45.798149Z|I|src/builder/mod.rs|40
Building site
2025-09-12T20:48:45.902252Z|I|src/builder/mod.rs|45
Reloading browser for: http://localhost:5444/
2025-09-12T20:48:54.192907Z|I|src/builder/mod.rs|40
Building site
2025-09-12T20:48:54.317518Z|I|src/builder/mod.rs|45
Reloading browser for: http://localhost:5444/
2025-09-12T20:49:30.054227Z|I|src/builder/mod.rs|40
Building site
2025-09-12T20:49:30.160385Z|I|src/builder/mod.rs|45
Reloading browser for: http://localhost:5444/
2025-09-12T20:49:33.601190Z|I|src/builder/mod.rs|40
Building site
2025-09-12T20:49:33.711832Z|I|src/builder/mod.rs|45
Reloading browser for: http://localhost:5444/
2025-09-12T20:49:37.792032Z|I|src/builder/mod.rs|40
Building site
2025-09-12T20:49:37.904166Z|I|src/builder/mod.rs|45
Reloading browser for: http://localhost:5444/
2025-09-12T20:49:42.899327Z|I|src/builder/mod.rs|40
Building site
2025-09-12T20:49:43.003049Z|I|src/builder/mod.rs|45
Reloading browser for: http://localhost:5444/
2025-09-12T20:50:42.350300Z|I|src/builder/mod.rs|40
Building site
2025-09-12T20:50:42.466413Z|I|src/builder/mod.rs|45
Reloading browser for: http://localhost:5444/
2025-09-12T20:53:24.138296Z|I|src/builder/mod.rs|40
Building site
2025-09-12T20:53:24.251633Z|I|src/builder/mod.rs|45
Reloading browser for: http://localhost:5444/
2025-09-12T20:53:32.694372Z|I|src/builder/mod.rs|40
Building site
2025-09-12T20:53:32.833945Z|I|src/builder/mod.rs|45
Reloading browser for: http://localhost:5444/
2025-09-12T20:53:43.601922Z|I|src/builder/mod.rs|40
Building site
2025-09-12T20:53:43.704024Z|I|src/builder/mod.rs|45
Reloading browser for: http://localhost:5444/
2025-09-12T20:53:47.609527Z|I|src/builder/mod.rs|40
Building site
2025-09-12T20:53:47.708070Z|I|src/builder/mod.rs|45
Reloading browser for: http://localhost:5444/
2025-09-12T20:58:39.059026Z|I|src/builder/mod.rs|40
Building site
2025-09-12T20:58:39.159249Z|I|src/builder/mod.rs|45
Reloading browser for: http://localhost:5444/
2025-09-12T20:58:51.143006Z|I|src/builder/mod.rs|40
Building site
2025-09-12T20:58:51.250505Z|I|src/builder/mod.rs|45
Reloading browser for: http://localhost:5444/
2025-09-12T20:58:54.017684Z|I|src/builder/mod.rs|40
Building site
2025-09-12T20:58:54.122489Z|I|src/builder/mod.rs|45
Reloading browser for: http://localhost:5444/
2025-09-12T20:59:01.278488Z|I|src/builder/mod.rs|40
Building site
2025-09-12T20:59:01.387884Z|I|src/builder/mod.rs|45
Reloading browser for: http://localhost:5444/
2025-09-12T20:59:04.545957Z|I|src/builder/mod.rs|40
Building site
2025-09-12T20:59:04.643087Z|I|src/builder/mod.rs|45
Reloading browser for: http://localhost:5444/
2025-09-12T21:00:19.637767Z|I|src/builder/mod.rs|40
Building site
2025-09-12T21:00:19.738412Z|I|src/builder/mod.rs|45
Reloading browser for: http://localhost:5444/
2025-09-12T21:03:54.164570Z|I|src/builder/mod.rs|40
Building site
2025-09-12T21:03:54.272883Z|I|src/builder/mod.rs|45
Reloading browser for: http://localhost:5444/
2025-09-12T21:04:19.237124Z|I|src/builder/mod.rs|40
Building site
2025-09-12T21:04:19.354227Z|I|src/builder/mod.rs|45
Reloading browser for: http://localhost:5444/
2025-09-12T21:04:49.283207Z|I|src/builder/mod.rs|40
Building site
2025-09-12T21:04:49.415607Z|I|src/builder/mod.rs|45
Reloading browser for: http://localhost:5444/
2025-09-12T21:05:01.689079Z|I|src/builder/mod.rs|40
Building site
2025-09-12T21:05:01.816184Z|I|src/builder/mod.rs|45
Reloading browser for: http://localhost:5444/
2025-09-12T21:05:22.845442Z|I|src/builder/mod.rs|40
Building site
2025-09-12T21:05:22.944811Z|I|src/builder/mod.rs|45
Reloading browser for: http://localhost:5444/
2025-09-12T21:05:25.311179Z|I|src/builder/mod.rs|40
Building site
2025-09-12T21:05:25.418613Z|I|src/builder/mod.rs|45
Reloading browser for: http://localhost:5444/
2025-09-12T21:05:25.418628Z|I|src/builder/mod.rs|40
Building site
2025-09-12T21:05:25.507350Z|I|src/builder/mod.rs|45
Reloading browser for: http://localhost:5444/
2025-09-12T21:07:52.626584Z|I|src/builder/mod.rs|40
Building site
2025-09-12T21:07:52.714248Z|I|src/builder/mod.rs|45
Reloading browser for: http://localhost:5444/
2025-09-12T21:09:11.710527Z|I|src/builder/mod.rs|40
Building site
2025-09-12T21:09:11.793118Z|I|src/builder/mod.rs|45
Reloading browser for: http://localhost:5444/
2025-09-12T21:09:19.587790Z|I|src/builder/mod.rs|40
Building site
2025-09-12T21:09:19.663174Z|I|src/builder/mod.rs|45
Reloading browser for: http://localhost:5444/
2025-09-12T21:09:53.717381Z|I|src/builder/mod.rs|40
Building site
2025-09-12T21:09:53.799302Z|I|src/builder/mod.rs|45
Reloading browser for: http://localhost:5444/
2025-09-12T21:11:44.118708Z|I|src/builder/mod.rs|40
Building site
2025-09-12T21:11:44.189182Z|I|src/builder/mod.rs|45
Reloading browser for: http://localhost:5444/
2025-09-12T21:11:58.660499Z|I|src/builder/mod.rs|40
Building site
2025-09-12T21:11:58.734498Z|I|src/builder/mod.rs|45
Reloading browser for: http://localhost:5444/
2025-09-12T21:12:18.419943Z|I|src/builder/mod.rs|40
Building site
2025-09-12T21:12:18.502082Z|I|src/builder/mod.rs|45
Reloading browser for: http://localhost:5444/
2025-09-12T21:12:25.643833Z|I|src/builder/mod.rs|40
Building site
2025-09-12T21:12:25.698604Z|I|src/builder/mod.rs|45
Reloading browser for: http://localhost:5444/
2025-09-12T21:14:32.468013Z|I|src/builder/mod.rs|40
Building site
2025-09-12T21:14:32.544099Z|I|src/builder/mod.rs|45
Reloading browser for: http://localhost:5444/
2025-09-12T21:18:41.901832Z|I|src/builder/mod.rs|40
Building site
2025-09-12T21:18:41.967603Z|I|src/builder/mod.rs|45
Reloading browser for: http://localhost:5444/
2025-09-12T21:19:03.566992Z|I|src/builder/mod.rs|40
Building site
2025-09-12T21:19:03.643869Z|I|src/builder/mod.rs|45
Reloading browser for: http://localhost:5444/
2025-09-12T21:20:05.960003Z|I|src/builder/mod.rs|40
Building site
2025-09-12T21:20:06.038697Z|I|src/builder/mod.rs|45
Reloading browser for: http://localhost:5444/
2025-09-12T21:20:56.731498Z|I|src/builder/mod.rs|40
Building site
2025-09-12T21:20:56.790224Z|I|src/builder/mod.rs|45
Reloading browser for: http://localhost:5444/
2025-09-12T21:21:39.787121Z|I|src/builder/mod.rs|40
Building site
2025-09-12T21:21:39.862712Z|I|src/builder/mod.rs|45
Reloading browser for: http://localhost:5444/
2025-09-12T21:25:13.838168Z|I|src/builder/mod.rs|40
Building site
2025-09-12T21:25:13.901048Z|I|src/builder/mod.rs|45
Reloading browser for: http://localhost:5444/
2025-09-12T21:27:45.219971Z|I|src/builder/mod.rs|40
Building site
2025-09-12T21:27:45.285231Z|I|src/builder/mod.rs|45
Reloading browser for: http://localhost:5444/
2025-09-12T21:29:55.424768Z|I|src/builder/mod.rs|40
Building site
2025-09-12T21:29:55.482323Z|I|src/builder/mod.rs|45
Reloading browser for: http://localhost:5444/
2025-09-12T21:33:02.813519Z|I|src/builder/mod.rs|40
Building site
2025-09-12T21:33:02.870895Z|I|src/builder/mod.rs|45
Reloading browser for: http://localhost:5444/
2025-09-12T21:33:29.066218Z|I|src/builder/mod.rs|40
Building site
2025-09-12T21:33:29.136107Z|I|src/builder/mod.rs|45
Reloading browser for: http://localhost:5444/
2025-09-12T21:33:53.693433Z|I|src/builder/mod.rs|40
Building site
2025-09-12T21:33:53.768286Z|I|src/builder/mod.rs|45
Reloading browser for: http://localhost:5444/
2025-09-12T21:34:26.217213Z|I|src/builder/mod.rs|40
Building site
2025-09-12T21:34:26.286994Z|I|src/builder/mod.rs|45
Reloading browser for: http://localhost:5444/
2025-09-12T21:34:49.287256Z|I|src/builder/mod.rs|40
Building site
2025-09-12T21:34:49.359351Z|I|src/builder/mod.rs|45
Reloading browser for: http://localhost:5444/
2025-09-12T21:34:53.354764Z|I|src/builder/mod.rs|40
Building site
2025-09-12T21:34:53.423546Z|I|src/builder/mod.rs|45
Reloading browser for: http://localhost:5444/
2025-09-12T21:37:06.311778Z|I|src/builder/mod.rs|40
Building site
2025-09-12T21:37:06.393469Z|I|src/builder/mod.rs|45
Reloading browser for: http://localhost:5444/
2025-09-12T21:37:49.346104Z|I|src/builder/mod.rs|40
Building site
2025-09-12T21:37:49.435475Z|I|src/builder/mod.rs|45
Reloading browser for: http://localhost:5444/
2025-09-12T21:38:49.841115Z|I|src/builder/mod.rs|40
Building site
2025-09-12T21:38:49.923263Z|I|src/builder/mod.rs|45
Reloading browser for: http://localhost:5444/
2025-09-12T21:39:11.309672Z|I|src/builder/mod.rs|40
Building site
2025-09-12T21:39:11.387577Z|I|src/builder/mod.rs|45
Reloading browser for: http://localhost:5444/
2025-09-12T21:39:13.110538Z|I|src/builder/mod.rs|40
Building site
2025-09-12T21:39:13.199664Z|I|src/builder/mod.rs|45
Reloading browser for: http://localhost:5444/
2025-09-12T21:39:19.808360Z|I|src/builder/mod.rs|40
Building site
2025-09-12T21:39:19.885437Z|I|src/builder/mod.rs|45
Reloading browser for: http://localhost:5444/
2025-09-12T21:39:24.660637Z|I|src/builder/mod.rs|40
Building site
2025-09-12T21:39:24.736207Z|I|src/builder/mod.rs|45
Reloading browser for: http://localhost:5444/
2025-09-12T21:39:49.024289Z|I|src/builder/mod.rs|40
Building site
2025-09-12T21:39:49.096943Z|I|src/builder/mod.rs|45
Reloading browser for: http://localhost:5444/
2025-09-12T21:40:45.750438Z|I|src/builder/mod.rs|40
Building site
2025-09-12T21:40:45.817282Z|I|src/builder/mod.rs|45
Reloading browser for: http://localhost:5444/
2025-09-12T21:40:49.103485Z|I|src/builder/mod.rs|40
Building site
2025-09-12T21:40:49.181630Z|I|src/builder/mod.rs|45
Reloading browser for: http://localhost:5444/
2025-09-12T21:40:57.868060Z|I|src/builder/mod.rs|40
Building site
2025-09-12T21:40:57.950945Z|I|src/builder/mod.rs|45
Reloading browser for: http://localhost:5444/
2025-09-12T21:41:27.019386Z|I|src/builder/mod.rs|40
Building site
2025-09-12T21:41:27.114502Z|I|src/builder/mod.rs|45
Reloading browser for: http://localhost:5444/
2025-09-12T21:41:45.012474Z|I|src/builder/mod.rs|40
Building site
2025-09-12T21:41:45.101433Z|I|src/builder/mod.rs|45
Reloading browser for: http://localhost:5444/
2025-09-12T21:41:49.213175Z|I|src/builder/mod.rs|40
Building site
2025-09-12T21:41:49.281422Z|I|src/builder/mod.rs|45
Reloading browser for: http://localhost:5444/
2025-09-12T21:41:56.850422Z|I|src/builder/mod.rs|40
Building site
2025-09-12T21:41:56.932020Z|I|src/builder/mod.rs|45
Reloading browser for: http://localhost:5444/
2025-09-12T21:42:00.190986Z|I|src/builder/mod.rs|40
Building site
2025-09-12T21:42:00.269812Z|I|src/builder/mod.rs|45
Reloading browser for: http://localhost:5444/
2025-09-12T21:42:01.548862Z|I|src/builder/mod.rs|40
Building site
2025-09-12T21:42:01.629224Z|I|src/builder/mod.rs|45
Reloading browser for: http://localhost:5444/
2025-09-12T21:42:02.274269Z|I|src/builder/mod.rs|40
Building site
2025-09-12T21:42:02.355370Z|I|src/builder/mod.rs|45
Reloading browser for: http://localhost:5444/
2025-09-12T21:42:07.801327Z|I|src/builder/mod.rs|40
Building site
2025-09-12T21:42:07.880331Z|I|src/builder/mod.rs|45
Reloading browser for: http://localhost:5444/
2025-09-12T21:42:55.905891Z|I|src/builder/mod.rs|40
Building site
2025-09-12T21:42:55.993141Z|I|src/builder/mod.rs|45
Reloading browser for: http://localhost:5444/
2025-09-12T21:44:26.419694Z|I|src/builder/mod.rs|40
Building site
2025-09-12T21:44:26.500810Z|I|src/builder/mod.rs|45
Reloading browser for: http://localhost:5444/
2025-09-12T21:45:25.571102Z|I|src/builder/mod.rs|40
Building site
2025-09-12T21:45:25.661486Z|I|src/builder/mod.rs|45
Reloading browser for: http://localhost:5444/
2025-09-12T21:45:32.964989Z|I|src/builder/mod.rs|40
Building site
2025-09-12T21:45:33.043572Z|I|src/builder/mod.rs|45
Reloading browser for: http://localhost:5444/
2025-09-12T21:45:50.982933Z|I|src/builder/mod.rs|40
Building site
2025-09-12T21:45:51.066322Z|I|src/builder/mod.rs|45
Reloading browser for: http://localhost:5444/
2025-09-12T21:46:39.426449Z|I|src/builder/mod.rs|40
Building site
2025-09-12T21:46:39.501372Z|I|src/builder/mod.rs|45
Reloading browser for: http://localhost:5444/
2025-09-12T21:47:19.201106Z|I|src/builder/mod.rs|40
Building site
2025-09-12T21:47:19.275950Z|I|src/builder/mod.rs|45
Reloading browser for: http://localhost:5444/
2025-09-12T21:47:29.308762Z|I|src/builder/mod.rs|40
Building site
2025-09-12T21:47:29.403773Z|I|src/builder/mod.rs|45
Reloading browser for: http://localhost:5444/
2025-09-12T21:47:35.506847Z|I|src/builder/mod.rs|40
Building site
2025-09-12T21:47:35.575815Z|I|src/builder/mod.rs|45
Reloading browser for: http://localhost:5444/
2025-09-12T21:47:55.901441Z|I|src/builder/mod.rs|40
Building site
2025-09-12T21:47:56.000282Z|I|src/builder/mod.rs|45
Reloading browser for: http://localhost:5444/
2025-09-12T21:48:02.717710Z|I|src/builder/mod.rs|40
Building site
2025-09-12T21:48:02.798664Z|I|src/builder/mod.rs|45
Reloading browser for: http://localhost:5444/
2025-09-12T21:48:13.600894Z|I|src/builder/mod.rs|40
Building site
2025-09-12T21:48:13.674848Z|I|src/builder/mod.rs|45
Reloading browser for: http://localhost:5444/
2025-09-12T21:48:18.861348Z|I|src/builder/mod.rs|40
Building site
2025-09-12T21:48:18.932642Z|I|src/builder/mod.rs|45
Reloading browser for: http://localhost:5444/
2025-09-12T21:48:31.692681Z|I|src/builder/mod.rs|40
Building site
2025-09-12T21:48:31.777568Z|I|src/builder/mod.rs|45
Reloading browser for: http://localhost:5444/
2025-09-12T21:48:36.338000Z|I|src/builder/mod.rs|40
Building site
2025-09-12T21:48:36.427267Z|I|src/builder/mod.rs|45
Reloading browser for: http://localhost:5444/
2025-09-12T22:00:14.377057Z|I|src/builder/mod.rs|40
Building site
2025-09-12T22:00:14.450831Z|I|src/builder/mod.rs|45
Reloading browser for: http://localhost:5444/
2025-09-12T22:00:51.823670Z|I|src/builder/mod.rs|40
Building site
2025-09-12T22:00:51.910283Z|I|src/builder/mod.rs|45
Reloading browser for: http://localhost:5444/
2025-09-12T22:00:52.837422Z|I|src/builder/mod.rs|40
Building site
2025-09-12T22:00:52.912250Z|I|src/builder/mod.rs|45
Reloading browser for: http://localhost:5444/
2025-09-12T22:01:12.114674Z|I|src/builder/mod.rs|40
Building site
2025-09-12T22:01:12.207372Z|I|src/builder/mod.rs|45
Reloading browser for: http://localhost:5444/
2025-09-12T22:01:49.017542Z|I|src/builder/mod.rs|40
Building site
2025-09-12T22:01:49.086340Z|I|src/builder/mod.rs|45
Reloading browser for: http://localhost:5444/
2025-09-12T22:02:08.879941Z|I|src/builder/mod.rs|40
Building site
2025-09-12T22:02:08.963569Z|I|src/builder/mod.rs|45
Reloading browser for: http://localhost:5444/
2025-09-12T22:02:16.265360Z|I|src/builder/mod.rs|40
Building site
2025-09-12T22:02:16.340743Z|I|src/builder/mod.rs|45
Reloading browser for: http://localhost:5444/
2025-09-12T22:02:40.497890Z|I|src/builder/mod.rs|40
Building site
2025-09-12T22:02:40.583185Z|I|src/builder/mod.rs|45
Reloading browser for: http://localhost:5444/
2025-09-12T22:03:24.380078Z|I|src/builder/mod.rs|40
Building site
2025-09-12T22:03:24.450956Z|I|src/builder/mod.rs|45
Reloading browser for: http://localhost:5444/
2025-09-12T22:03:43.504680Z|I|src/builder/mod.rs|40
Building site
2025-09-12T22:03:43.592036Z|I|src/builder/mod.rs|45
Reloading browser for: http://localhost:5444/
2025-09-12T22:05:30.576200Z|I|src/builder/mod.rs|40
Building site
2025-09-12T22:05:30.639732Z|I|src/builder/mod.rs|45
Reloading browser for: http://localhost:5444/
2025-09-12T22:05:37.710689Z|I|src/builder/mod.rs|40
Building site
2025-09-12T22:05:37.781343Z|I|src/builder/mod.rs|45
Reloading browser for: http://localhost:5444/
2025-09-12T22:06:14.849173Z|I|src/builder/mod.rs|40
Building site
2025-09-12T22:06:14.906550Z|I|src/builder/mod.rs|45
Reloading browser for: http://localhost:5444/
2025-09-12T22:06:32.256000Z|I|src/builder/mod.rs|40
Building site
2025-09-12T22:06:32.336854Z|I|src/builder/mod.rs|45
Reloading browser for: http://localhost:5444/
2025-09-12T22:06:38.208973Z|I|src/builder/mod.rs|40
Building site
2025-09-12T22:06:38.292503Z|I|src/builder/mod.rs|45
Reloading browser for: http://localhost:5444/
2025-09-12T22:07:20.368987Z|I|src/builder/mod.rs|40
Building site
2025-09-12T22:07:20.445057Z|I|src/builder/mod.rs|45
Reloading browser for: http://localhost:5444/
2025-09-12T22:07:47.953863Z|I|src/builder/mod.rs|40
Building site
2025-09-12T22:07:48.025361Z|I|src/builder/mod.rs|45
Reloading browser for: http://localhost:5444/
2025-09-12T22:45:45.153662Z|I|src/builder/mod.rs|40
Building site
2025-09-12T22:45:45.254049Z|I|src/builder/mod.rs|45
Reloading browser for: http://localhost:5444/
2025-09-12T22:46:08.523714Z|I|src/builder/mod.rs|40
Building site
2025-09-12T22:46:08.600123Z|I|src/builder/mod.rs|45
Reloading browser for: http://localhost:5444/
2025-09-12T22:46:54.925058Z|I|src/builder/mod.rs|40
Building site
2025-09-12T22:46:55.005973Z|I|src/builder/mod.rs|45
Reloading browser for: http://localhost:5444/
2025-09-12T22:47:03.574993Z|I|src/builder/mod.rs|40
Building site
2025-09-12T22:47:03.659822Z|I|src/builder/mod.rs|45
Reloading browser for: http://localhost:5444/
2025-09-12T22:50:09.570684Z|I|src/builder/mod.rs|40
Building site
2025-09-12T22:50:09.662038Z|I|src/builder/mod.rs|45
Reloading browser for: http://localhost:5444/
